<?xml version="1.0" encoding="UTF-8"?>
<testsuite xmlns:xsi="http://www.w3.org/2001/XMLSchema-instance" xsi:noNamespaceSchemaLocation="https://maven.apache.org/surefire/maven-surefire-plugin/xsd/surefire-test-report-3.0.xsd" version="3.0" name="AppTest" time="0.31" tests="1" errors="0" skipped="0" failures="0">
  <properties>
    <property name="java.specification.version" value="20"/>
    <property name="sun.jnu.encoding" value="UTF-8"/>
    <property name="java.class.path" value="/home/yestai/IdeaProjects/Spring/target/test-classes:/home/yestai/IdeaProjects/Spring/target/classes:/home/yestai/.m2/repository/org/springframework/spring-context/5.3.14/spring-context-5.3.14.jar:/home/yestai/.m2/repository/org/springframework/spring-aop/5.3.14/spring-aop-5.3.14.jar:/home/yestai/.m2/repository/org/springframework/spring-beans/5.3.14/spring-beans-5.3.14.jar:/home/yestai/.m2/repository/org/springframework/spring-core/5.3.14/spring-core-5.3.14.jar:/home/yestai/.m2/repository/org/springframework/spring-jcl/5.3.14/spring-jcl-5.3.14.jar:/home/yestai/.m2/repository/org/springframework/spring-expression/5.3.14/spring-expression-5.3.14.jar:/home/yestai/.m2/repository/org/springframework/spring-test/5.3.14/spring-test-5.3.14.jar:/home/yestai/.m2/repository/org/scalatestplus/junit-4-12_2.13/3.1.1.0/junit-4-12_2.13-3.1.1.0.jar:/home/yestai/.m2/repository/org/scala-lang/scala-library/2.13.1/scala-library-2.13.1.jar:/home/yestai/.m2/repository/org/scalatest/scalatest_2.13/3.1.1/scalatest_2.13-3.1.1.jar:/home/yestai/.m2/repository/org/scalactic/scalactic_2.13/3.1.1/scalactic_2.13-3.1.1.jar:/home/yestai/.m2/repository/org/scala-lang/scala-reflect/2.13.1/scala-reflect-2.13.1.jar:/home/yestai/.m2/repository/org/scala-lang/modules/scala-xml_2.13/1.2.0/scala-xml_2.13-1.2.0.jar:/home/yestai/.m2/repository/junit/junit/4.12/junit-4.12.jar:/home/yestai/.m2/repository/org/hamcrest/hamcrest-core/1.3/hamcrest-core-1.3.jar:"/>
    <property name="java.vm.vendor" value="Amazon.com Inc."/>
    <property name="sun.arch.data.model" value="64"/>
    <property name="java.vendor.url" value="https://aws.amazon.com/corretto/"/>
    <property name="os.name" value="Linux"/>
    <property name="java.vm.specification.version" value="20"/>
    <property name="sun.java.launcher" value="SUN_STANDARD"/>
    <property name="user.country" value="RU"/>
    <property name="sun.boot.library.path" value="/home/yestai/.jdks/corretto-20.0.2.1/lib"/>
    <property name="sun.java.command" value="/home/yestai/IdeaProjects/Spring/target/surefire/surefirebooter-20240510165954898_3.jar /home/yestai/IdeaProjects/Spring/target/surefire 2024-05-10T16-59-54_815-jvmRun1 surefire-20240510165954898_1tmp surefire_0-20240510165954898_2tmp"/>
    <property name="jdk.debug" value="release"/>
    <property name="surefire.test.class.path" value="/home/yestai/IdeaProjects/Spring/target/test-classes:/home/yestai/IdeaProjects/Spring/target/classes:/home/yestai/.m2/repository/org/springframework/spring-context/5.3.14/spring-context-5.3.14.jar:/home/yestai/.m2/repository/org/springframework/spring-aop/5.3.14/spring-aop-5.3.14.jar:/home/yestai/.m2/repository/org/springframework/spring-beans/5.3.14/spring-beans-5.3.14.jar:/home/yestai/.m2/repository/org/springframework/spring-core/5.3.14/spring-core-5.3.14.jar:/home/yestai/.m2/repository/org/springframework/spring-jcl/5.3.14/spring-jcl-5.3.14.jar:/home/yestai/.m2/repository/org/springframework/spring-expression/5.3.14/spring-expression-5.3.14.jar:/home/yestai/.m2/repository/org/springframework/spring-test/5.3.14/spring-test-5.3.14.jar:/home/yestai/.m2/repository/org/scalatestplus/junit-4-12_2.13/3.1.1.0/junit-4-12_2.13-3.1.1.0.jar:/home/yestai/.m2/repository/org/scala-lang/scala-library/2.13.1/scala-library-2.13.1.jar:/home/yestai/.m2/repository/org/scalatest/scalatest_2.13/3.1.1/scalatest_2.13-3.1.1.jar:/home/yestai/.m2/repository/org/scalactic/scalactic_2.13/3.1.1/scalactic_2.13-3.1.1.jar:/home/yestai/.m2/repository/org/scala-lang/scala-reflect/2.13.1/scala-reflect-2.13.1.jar:/home/yestai/.m2/repository/org/scala-lang/modules/scala-xml_2.13/1.2.0/scala-xml_2.13-1.2.0.jar:/home/yestai/.m2/repository/junit/junit/4.12/junit-4.12.jar:/home/yestai/.m2/repository/org/hamcrest/hamcrest-core/1.3/hamcrest-core-1.3.jar:"/>
    <property name="sun.cpu.endian" value="little"/>
    <property name="user.home" value="/home/yestai"/>
    <property name="user.language" value="ru"/>
    <property name="java.specification.vendor" value="Oracle Corporation"/>
    <property name="java.version.date" value="2023-08-22"/>
    <property name="java.home" value="/home/yestai/.jdks/corretto-20.0.2.1"/>
    <property name="file.separator" value="/"/>
    <property name="basedir" value="/home/yestai/IdeaProjects/Spring"/>
    <property name="java.vm.compressedOopsMode" value="32-bit"/>
    <property name="line.separator" value="&#10;"/>
    <property name="java.specification.name" value="Java Platform API Specification"/>
    <property name="java.vm.specification.vendor" value="Oracle Corporation"/>
    <property name="surefire.real.class.path" value="/home/yestai/IdeaProjects/Spring/target/surefire/surefirebooter-20240510165954898_3.jar"/>
    <property name="sun.management.compiler" value="HotSpot 64-Bit Tiered Compilers"/>
    <property name="java.runtime.version" value="20.0.2.1+10-FR"/>
    <property name="user.name" value="yestai"/>
    <property name="stdout.encoding" value="UTF-8"/>
    <property name="path.separator" value=":"/>
    <property name="os.version" value="6.8.4-200.fc39.x86_64"/>
    <property name="java.runtime.name" value="OpenJDK Runtime Environment"/>
    <property name="file.encoding" value="UTF-8"/>
    <property name="java.vm.name" value="OpenJDK 64-Bit Server VM"/>
    <property name="java.vendor.version" value="Corretto-20.0.2.10.1"/>
    <property name="localRepository" value="/home/yestai/.m2/repository"/>
    <property name="java.vendor.url.bug" value="https://github.com/corretto/corretto-20/issues/"/>
    <property name="java.io.tmpdir" value="/tmp"/>
    <property name="idea.version" value="2024.1.1"/>
    <property name="java.version" value="20.0.2.1"/>
    <property name="user.dir" value="/home/yestai/IdeaProjects/Spring"/>
    <property name="os.arch" value="amd64"/>
    <property name="java.vm.specification.name" value="Java Virtual Machine Specification"/>
    <property name="native.encoding" value="UTF-8"/>
    <property name="java.library.path" value="/usr/java/packages/lib:/usr/lib64:/lib64:/lib:/usr/lib"/>
    <property name="java.vm.info" value="mixed mode, sharing"/>
    <property name="stderr.encoding" value="UTF-8"/>
    <property name="java.vendor" value="Amazon.com Inc."/>
    <property name="java.vm.version" value="20.0.2.1+10-FR"/>
    <property name="sun.io.unicode.encoding" value="UnicodeLittle"/>
    <property name="java.class.version" value="64.0"/>
  </properties>
  <testcase name="mainTest" classname="AppTest" time="0.007">
    <system-err><![CDATA[мая 10, 2024 4:59:55 PM org.springframework.test.context.support.AbstractTestContextBootstrapper getDefaultTestExecutionListenerClassNames
INFO: Loaded default TestExecutionListener class names from location [META-INF/spring.factories]: [org.springframework.test.context.web.ServletTestExecutionListener, org.springframework.test.context.support.DirtiesContextBeforeModesTestExecutionListener, org.springframework.test.context.event.ApplicationEventsTestExecutionListener, org.springframework.test.context.support.DependencyInjectionTestExecutionListener, org.springframework.test.context.support.DirtiesContextTestExecutionListener, org.springframework.test.context.transaction.TransactionalTestExecutionListener, org.springframework.test.context.jdbc.SqlScriptsTestExecutionListener, org.springframework.test.context.event.EventPublishingTestExecutionListener]
мая 10, 2024 4:59:55 PM org.springframework.test.context.support.AbstractTestContextBootstrapper getTestExecutionListeners
INFO: Using TestExecutionListeners: [org.springframework.test.context.support.DirtiesContextBeforeModesTestExecutionListener@279ad2e3, org.springframework.test.context.event.ApplicationEventsTestExecutionListener@58134517, org.springframework.test.context.support.DependencyInjectionTestExecutionListener@4450d156, org.springframework.test.context.support.DirtiesContextTestExecutionListener@4461c7e3, org.springframework.test.context.event.EventPublishingTestExecutionListener@351d0846]
]]></system-err>
  </testcase>
</testsuite>